{"name": "test_select_destination_and_check_bus_list", "status": "broken", "statusDetails": {"message": "selenium.common.exceptions.TimeoutException: Message: \nStacktrace:\nNoSuchElementError: An element could not be located on the page using the given search parameters.\n    at AndroidUiautomator2Driver.findElOrEls (C:\\Users\\tslee\\.appium\\node_modules\\appium-uiautomator2-driver\\node_modules\\appium-android-driver\\lib\\commands\\find.ts:86:11)\n    at processTicksAndRejections (node:internal/process/task_queues:105:5)\n    at AndroidUiautomator2Driver.findElOrElsWithProcessing (C:\\Users\\tslee\\AppData\\Roaming\\npm\\node_modules\\appium\\node_modules\\@appium\\base-driver\\lib\\basedriver\\commands\\find.ts:60:12)\n    at AndroidUiautomator2Driver.findElement (C:\\Users\\tslee\\AppData\\Roaming\\npm\\node_modules\\appium\\node_modules\\@appium\\base-driver\\lib\\basedriver\\commands\\find.ts:75:12)", "trace": "mobile\\tests\\test_zone_list.py:112: in test_select_destination_and_check_bus_list\n    page.click_explore_button()\nmobile\\pages\\ddokta_bus_page.py:54: in click_explore_button\n    element = self.wait.until(\nvenv\\Lib\\site-packages\\selenium\\webdriver\\support\\wait.py:101: in until\n    raise TimeoutException(message, screen, stacktrace)\nE   selenium.common.exceptions.TimeoutException: Message: \nE   Stacktrace:\nE   NoSuchElementError: An element could not be located on the page using the given search parameters.\nE       at AndroidUiautomator2Driver.findElOrEls (C:\\Users\\tslee\\.appium\\node_modules\\appium-uiautomator2-driver\\node_modules\\appium-android-driver\\lib\\commands\\find.ts:86:11)\nE       at processTicksAndRejections (node:internal/process/task_queues:105:5)\nE       at AndroidUiautomator2Driver.findElOrElsWithProcessing (C:\\Users\\tslee\\AppData\\Roaming\\npm\\node_modules\\appium\\node_modules\\@appium\\base-driver\\lib\\basedriver\\commands\\find.ts:60:12)\nE       at AndroidUiautomator2Driver.findElement (C:\\Users\\tslee\\AppData\\Roaming\\npm\\node_modules\\appium\\node_modules\\@appium\\base-driver\\lib\\basedriver\\commands\\find.ts:75:12)"}, "description": "\n        E2E 시나리오: 목적지 선택 후 버스 리스트 확인\n        \n        단계:\n        1. 똑타 메뉴 진입\n        2. 탐색하기 클릭\n        3. 목적지 선택 (개화역 9호선)\n        4. 확인 버튼 클릭\n        5. 버스 리스트 표시 확인\n        ", "attachments": [{"name": "log", "source": "1084bf17-705e-4a8b-8c22-4bd632d9aa0d-attachment.txt", "type": "text/plain"}], "start": 1760882140557, "stop": 1760882166423, "uuid": "614ca921-a7cb-4f5c-a835-631281eebd3f", "historyId": "878377b9e249172dfdff1fc5f6b4070b", "testCaseId": "878377b9e249172dfdff1fc5f6b4070b", "fullName": "mobile.tests.test_zone_list.TestDestinationAndBusList#test_select_destination_and_check_bus_list", "labels": [{"name": "parentSuite", "value": "mobile.tests"}, {"name": "suite", "value": "test_zone_list"}, {"name": "subSuite", "value": "TestDestinationAndBusList"}, {"name": "host", "value": "DESKTOP-27T24JT"}, {"name": "thread", "value": "32128-MainThread"}, {"name": "framework", "value": "pytest"}, {"name": "language", "value": "cpython3"}, {"name": "package", "value": "mobile.tests.test_zone_list"}]}